0 info it worked if it ends with ok
1 verbose cli [ '/Users/babak/.nvm/versions/node/v6.5.0/bin/node',
1 verbose cli   '/Users/babak/.nvm/versions/node/v6.5.0/bin/npm',
1 verbose cli   'run',
1 verbose cli   'prepublish' ]
2 info using npm@3.10.3
3 info using node@v6.5.0
4 verbose run-script [ 'prepublish' ]
5 info lifecycle rethinkdb-websocket-server@0.6.0~prepublish: rethinkdb-websocket-server@0.6.0
6 verbose lifecycle rethinkdb-websocket-server@0.6.0~prepublish: unsafe-perm in lifecycle true
7 verbose lifecycle rethinkdb-websocket-server@0.6.0~prepublish: PATH: /Users/babak/.nvm/versions/node/v6.5.0/lib/node_modules/npm/bin/node-gyp-bin:/Users/babak/work/2017/feb/rethinkdb-websocket-server-pullrequest/rethinkdb-websocket-server/node_modules/.bin:/Users/babak/.nvm/versions/node/v6.5.0/bin:/Users/babak/.rvm/gems/ruby-2.3.1/bin:/Users/babak/.rvm/gems/ruby-2.3.1@global/bin:/Users/babak/.rvm/rubies/ruby-2.3.1/bin:/Users/babak/.rvm/bin:/Users/babak/.nvm/versions/node/v6.5.0/bin:/Users/babak/.virtualenvs/main/bin:/Users/babak/bin:/usr/local/share/python:/usr/local/sbin:/opt/local/bin:/opt/local/sbin:/usr/local/bin:/usr/bin:/bin:/usr/sbin:/sbin:/usr/local/go/bin:/Users/babak/amazon-tools/amazon-command-line/bin:/Users/babak/amazon-tools/auto-scale-command-line/bin:/usr/local/Cellar/android-sdk/24.4.1_1/platform-tools:/usr/local/Cellar/android-sdk/24.4.1_1/tools
8 verbose lifecycle rethinkdb-websocket-server@0.6.0~prepublish: CWD: /Users/babak/work/2017/feb/rethinkdb-websocket-server-pullrequest/rethinkdb-websocket-server
9 silly lifecycle rethinkdb-websocket-server@0.6.0~prepublish: Args: [ '-c', 'eslint src && babel -d dist src' ]
10 info lifecycle rethinkdb-websocket-server@0.6.0~prepublish: Failed to exec prepublish script
11 verbose stack Error: rethinkdb-websocket-server@0.6.0 prepublish: `eslint src && babel -d dist src`
11 verbose stack spawn ENOENT
11 verbose stack     at ChildProcess.<anonymous> (/Users/babak/.nvm/versions/node/v6.5.0/lib/node_modules/npm/lib/utils/spawn.js:33:16)
11 verbose stack     at emitTwo (events.js:106:13)
11 verbose stack     at ChildProcess.emit (events.js:191:7)
11 verbose stack     at maybeClose (internal/child_process.js:877:16)
11 verbose stack     at Process.ChildProcess._handle.onexit (internal/child_process.js:226:5)
12 verbose pkgid rethinkdb-websocket-server@0.6.0
13 verbose cwd /Users/babak/work/2017/feb/rethinkdb-websocket-server-pullrequest/rethinkdb-websocket-server
14 error Darwin 15.6.0
15 error argv "/Users/babak/.nvm/versions/node/v6.5.0/bin/node" "/Users/babak/.nvm/versions/node/v6.5.0/bin/npm" "run" "prepublish"
16 error node v6.5.0
17 error npm  v3.10.3
18 error file sh
19 error code ELIFECYCLE
20 error errno ENOENT
21 error syscall spawn
22 error rethinkdb-websocket-server@0.6.0 prepublish: `eslint src && babel -d dist src`
22 error spawn ENOENT
23 error Failed at the rethinkdb-websocket-server@0.6.0 prepublish script 'eslint src && babel -d dist src'.
23 error Make sure you have the latest version of node.js and npm installed.
23 error If you do, this is most likely a problem with the rethinkdb-websocket-server package,
23 error not with npm itself.
23 error Tell the author that this fails on your system:
23 error     eslint src && babel -d dist src
23 error You can get information on how to open an issue for this project with:
23 error     npm bugs rethinkdb-websocket-server
23 error Or if that isn't available, you can get their info via:
23 error     npm owner ls rethinkdb-websocket-server
23 error There is likely additional logging output above.
24 verbose exit [ 1, true ]
